2010-03-22 15:14:28 Notice: Notice (1024): Please change the value of 'Security.cipher_seed' in app/config/core.php to a numeric (digits only) seed value specific to your application in [/cake/cake/libs/debugger.php, line 678]
2010-03-22 15:52:13 Notice: Notice (8): Undefined variable: javasctipt in [/www/senchan/views/layouts/default.ctp, line 15]
2010-03-22 15:52:13 Notice: Notice (8): Undefined variable: javasctipt in [/www/senchan/views/layouts/default.ctp, line 15]
2010-03-22 15:52:13 Notice: Notice (8): Undefined variable: javasctipt in [/www/senchan/views/layouts/default.ctp, line 15]
2010-03-22 15:52:14 Notice: Notice (8): Undefined variable: javasctipt in [/www/senchan/views/layouts/default.ctp, line 15]
2010-03-22 15:52:14 Notice: Notice (8): Undefined variable: javasctipt in [/www/senchan/views/layouts/default.ctp, line 15]
2010-03-22 15:52:14 Notice: Notice (8): Undefined variable: javasctipt in [/www/senchan/views/layouts/default.ctp, line 15]
2010-03-22 15:52:57 Notice: Notice (8): Undefined variable: javasctipt in [/www/senchan/views/layouts/default.ctp, line 15]
2010-03-22 15:52:57 Notice: Notice (8): Undefined variable: javasctipt in [/www/senchan/views/layouts/default.ctp, line 15]
2010-03-22 15:52:57 Notice: Notice (8): Undefined variable: javasctipt in [/www/senchan/views/layouts/default.ctp, line 15]
2010-03-22 15:52:58 Notice: Notice (8): Undefined variable: javasctipt in [/www/senchan/views/layouts/default.ctp, line 15]
2010-03-22 15:52:58 Notice: Notice (8): Undefined variable: javasctipt in [/www/senchan/views/layouts/default.ctp, line 15]
2010-03-22 15:52:58 Notice: Notice (8): Undefined variable: javasctipt in [/www/senchan/views/layouts/default.ctp, line 15]
2010-03-22 15:52:58 Notice: Notice (8): Undefined variable: javasctipt in [/www/senchan/views/layouts/default.ctp, line 15]
2010-03-22 15:52:58 Notice: Notice (8): Undefined variable: javasctipt in [/www/senchan/views/layouts/default.ctp, line 15]
2010-03-22 15:52:58 Notice: Notice (8): Undefined variable: javasctipt in [/www/senchan/views/layouts/default.ctp, line 15]
2010-03-22 15:53:21 Notice: Notice (8): Undefined variable: javasctipt in [/www/senchan/views/layouts/default.ctp, line 15]
2010-03-22 15:53:21 Notice: Notice (8): Undefined variable: javasctipt in [/www/senchan/views/layouts/default.ctp, line 15]
2010-03-22 15:53:21 Notice: Notice (8): Undefined variable: javasctipt in [/www/senchan/views/layouts/default.ctp, line 15]
2010-03-22 15:53:22 Notice: Notice (8): Undefined variable: javasctipt in [/www/senchan/views/layouts/default.ctp, line 15]
2010-03-22 15:53:22 Notice: Notice (8): Undefined variable: javasctipt in [/www/senchan/views/layouts/default.ctp, line 15]
2010-03-22 15:53:22 Notice: Notice (8): Undefined variable: javasctipt in [/www/senchan/views/layouts/default.ctp, line 15]
2010-03-22 15:53:23 Notice: Notice (8): Undefined variable: javasctipt in [/www/senchan/views/layouts/default.ctp, line 15]
2010-03-22 15:53:23 Notice: Notice (8): Undefined variable: javasctipt in [/www/senchan/views/layouts/default.ctp, line 15]
2010-03-22 15:53:23 Notice: Notice (8): Undefined variable: javasctipt in [/www/senchan/views/layouts/default.ctp, line 15]
2010-03-22 15:53:28 Notice: Notice (8): Undefined variable: javascript in [/www/senchan/views/layouts/default.ctp, line 15]
2010-03-22 15:53:28 Notice: Notice (8): Undefined variable: javascript in [/www/senchan/views/layouts/default.ctp, line 15]
2010-03-22 15:53:30 Notice: Notice (8): Undefined variable: javascript in [/www/senchan/views/layouts/default.ctp, line 15]
2010-03-22 15:53:30 Notice: Notice (8): Undefined variable: javascript in [/www/senchan/views/layouts/default.ctp, line 15]
2010-03-22 15:58:17 Notice: Notice (8): Undefined variable: controller in [/www/senchan/views/layouts/default.ctp, line 34]
2010-03-22 15:58:17 Notice: Notice (8): Trying to get property of non-object in [/www/senchan/views/layouts/default.ctp, line 34]
2010-03-22 15:58:38 Notice: Notice (8): Undefined property: View::$controller in [/www/senchan/views/layouts/default.ctp, line 34]
2010-03-22 15:58:38 Notice: Notice (8): Trying to get property of non-object in [/www/senchan/views/layouts/default.ctp, line 34]
2010-03-22 15:58:38 Notice: Notice (8): Undefined property: View::$controller in [/www/senchan/views/layouts/default.ctp, line 34]
2010-03-22 15:58:38 Notice: Notice (8): Trying to get property of non-object in [/www/senchan/views/layouts/default.ctp, line 34]
2010-03-22 15:58:39 Notice: Notice (8): Undefined property: View::$controller in [/www/senchan/views/layouts/default.ctp, line 34]
2010-03-22 15:58:39 Notice: Notice (8): Trying to get property of non-object in [/www/senchan/views/layouts/default.ctp, line 34]
2010-03-22 16:12:08 Notice: Notice (8): Undefined variable: menu in [/www/senchan/views/layouts/default.ctp, line 34]
2010-03-22 16:12:09 Notice: Notice (8): Undefined variable: menu in [/www/senchan/views/layouts/default.ctp, line 34]
2010-03-22 16:12:25 Notice: Notice (8): Undefined variable: controller in [/www/senchan/views/layouts/default.ctp, line 34]
2010-03-22 16:12:25 Notice: Notice (8): Trying to get property of non-object in [/www/senchan/views/layouts/default.ctp, line 34]
2010-03-22 16:12:26 Notice: Notice (8): Undefined variable: controller in [/www/senchan/views/layouts/default.ctp, line 34]
2010-03-22 16:12:26 Notice: Notice (8): Trying to get property of non-object in [/www/senchan/views/layouts/default.ctp, line 34]
2010-03-22 16:12:27 Notice: Notice (8): Undefined variable: controller in [/www/senchan/views/layouts/default.ctp, line 34]
2010-03-22 16:12:27 Notice: Notice (8): Trying to get property of non-object in [/www/senchan/views/layouts/default.ctp, line 34]
2010-03-22 16:17:42 Notice: Notice (8): Undefined variable: javascript in [/www/senchan/views/layouts/default.ctp, line 15]
2010-03-22 16:22:26 Notice: Notice (8): Undefined variable: javascript in [/www/senchan/views/layouts/default.ctp, line 15]
2010-03-22 16:22:40 Notice: Notice (8): Undefined variable: javascript in [/www/senchan/views/layouts/default.ctp, line 15]
2010-04-20 21:19:15 Notice: Notice (8): Undefined variable: articles in [/virtual/senchan/project/senchanjp/views/articles/admin_index.ctp, line 12]
2010-04-20 21:19:16 Notice: Notice (8): Undefined variable: articles in [/virtual/senchan/project/senchanjp/views/articles/admin_index.ctp, line 12]
2010-04-20 21:20:49 Notice: Notice (8): Undefined property: ArticlesController::$Article in [/virtual/senchan/project/senchanjp/controllers/articles_controller.php, line 14]
2010-04-22 23:01:21 Notice: Notice (8): Undefined variable: session in [/virtual/senchan/project/senchanjp/views/articles/admin_add.ctp, line 2]
2010-04-22 23:02:53 Notice: Notice (8): Undefined index:  category in [/virtual/senchan/project/senchanjp/views/articles/admin_index.ctp, line 22]
2010-04-22 23:02:56 Notice: Notice (8): Undefined index:  category in [/virtual/senchan/project/senchanjp/views/articles/admin_index.ctp, line 22]
2010-04-22 23:03:53 Notice: Notice (8): Undefined index:  category in [/virtual/senchan/project/senchanjp/views/articles/admin_index.ctp, line 22]
2010-04-22 23:05:19 Notice: Notice (8): Undefined index:  category in [/virtual/senchan/project/senchanjp/views/articles/admin_index.ctp, line 22]
2010-04-22 23:46:38 Notice: Notice (8): Undefined property: String_Random::$randregex in [/virtual/senchan/project/cake/cake/libs/model/model.php, line 2935]
2010-04-24 15:51:40 Notice: Notice (8): Undefined variable: userId in [/virtual/senchan/project/cake/cake/libs/controller/components/wassr.php, line 59]
2010-04-24 15:52:09 Notice: Notice (8): Undefined variable: userId in [/virtual/senchan/project/cake/cake/libs/controller/components/wassr.php, line 59]
2010-04-24 15:52:13 Notice: Notice (8): Undefined variable: userId in [/virtual/senchan/project/cake/cake/libs/controller/components/wassr.php, line 59]
2010-04-24 17:08:58 Notice: Notice (8): Undefined variable: admin in [/virtual/senchan/project/senchanjp/views/layouts/default.ctp, line 24]
